<?xml version="1.0" encoding="UTF-8" ?>
<testsuite tests="6" failures="0" name="HDFSJavaClientTest" time="4,746.466" errors="6" skipped="0">
  <properties>
[...]
</properties>
  <testcase classname="HDFSJavaClientTest" name="uploadHDFS" time="930.526">
    <error message="Call From roohom-PC/10.254.34.182 to 192.168.88.221:8020 failed on socket timeout exception: org.apache.hadoop.net.ConnectTimeoutException: 20000 millis timeout while waiting for channel to be ready for connect. ch : java.nio.channels.SocketChannel[connection-pending remote=192.168.88.221/192.168.88.221:8020]; For more details see:  http://wiki.apache.org/hadoop/SocketTimeout" type="org.apache.hadoop.net.ConnectTimeoutException">org.apache.hadoop.net.ConnectTimeoutException: Call From roohom-PC/10.254.34.182 to 192.168.88.221:8020 failed on socket timeout exception: org.apache.hadoop.net.ConnectTimeoutException: 20000 millis timeout while waiting for channel to be ready for connect. ch : java.nio.channels.SocketChannel[connection-pending remote=192.168.88.221/192.168.88.221:8020]; For more details see:  http://wiki.apache.org/hadoop/SocketTimeout
	at sun.reflect.NativeConstructorAccessorImpl.newInstance0(Native Method)
	at sun.reflect.NativeConstructorAccessorImpl.newInstance(NativeConstructorAccessorImpl.java:62)
	at sun.reflect.DelegatingConstructorAccessorImpl.newInstance(DelegatingConstructorAccessorImpl.java:45)
	at java.lang.reflect.Constructor.newInstance(Constructor.java:423)
	at org.apache.hadoop.net.NetUtils.wrapWithMessage(NetUtils.java:792)
	at org.apache.hadoop.net.NetUtils.wrapException(NetUtils.java:751)
	at org.apache.hadoop.ipc.Client.call(Client.java:1480)
	at org.apache.hadoop.ipc.Client.call(Client.java:1413)
	at org.apache.hadoop.ipc.ProtobufRpcEngine$Invoker.invoke(ProtobufRpcEngine.java:229)
	at com.sun.proxy.$Proxy13.getFileInfo(Unknown Source)
	at org.apache.hadoop.hdfs.protocolPB.ClientNamenodeProtocolTranslatorPB.getFileInfo(ClientNamenodeProtocolTranslatorPB.java:776)
	at sun.reflect.NativeMethodAccessorImpl.invoke0(Native Method)
	at sun.reflect.NativeMethodAccessorImpl.invoke(NativeMethodAccessorImpl.java:62)
	at sun.reflect.DelegatingMethodAccessorImpl.invoke(DelegatingMethodAccessorImpl.java:43)
	at java.lang.reflect.Method.invoke(Method.java:498)
	at org.apache.hadoop.io.retry.RetryInvocationHandler.invokeMethod(RetryInvocationHandler.java:191)
	at org.apache.hadoop.io.retry.RetryInvocationHandler.invoke(RetryInvocationHandler.java:102)
	at com.sun.proxy.$Proxy14.getFileInfo(Unknown Source)
	at org.apache.hadoop.hdfs.DFSClient.getFileInfo(DFSClient.java:2117)
	at org.apache.hadoop.hdfs.DistributedFileSystem$22.doCall(DistributedFileSystem.java:1305)
	at org.apache.hadoop.hdfs.DistributedFileSystem$22.doCall(DistributedFileSystem.java:1301)
	at org.apache.hadoop.fs.FileSystemLinkResolver.resolve(FileSystemLinkResolver.java:81)
	at org.apache.hadoop.hdfs.DistributedFileSystem.getFileStatus(DistributedFileSystem.java:1317)
	at org.apache.hadoop.fs.FileSystem.exists(FileSystem.java:1425)
	at org.apache.hadoop.fs.FileUtil.checkDest(FileUtil.java:496)
	at org.apache.hadoop.fs.FileUtil.copy(FileUtil.java:348)
	at org.apache.hadoop.fs.FileUtil.copy(FileUtil.java:338)
	at org.apache.hadoop.fs.FileSystem.copyFromLocalFile(FileSystem.java:1968)
	at org.apache.hadoop.fs.FileSystem.copyFromLocalFile(FileSystem.java:1936)
	at org.apache.hadoop.fs.FileSystem.copyFromLocalFile(FileSystem.java:1901)
	at HDFSJavaClientTest.uploadHDFS(HDFSJavaClientTest.java:125)
	at sun.reflect.NativeMethodAccessorImpl.invoke0(Native Method)
	at sun.reflect.NativeMethodAccessorImpl.invoke(NativeMethodAccessorImpl.java:62)
	at sun.reflect.DelegatingMethodAccessorImpl.invoke(DelegatingMethodAccessorImpl.java:43)
	at java.lang.reflect.Method.invoke(Method.java:498)
	at org.junit.runners.model.FrameworkMethod$1.runReflectiveCall(FrameworkMethod.java:59)
	at org.junit.internal.runners.model.ReflectiveCallable.run(ReflectiveCallable.java:12)
	at org.junit.runners.model.FrameworkMethod.invokeExplosively(FrameworkMethod.java:56)
	at org.junit.internal.runners.statements.InvokeMethod.evaluate(InvokeMethod.java:17)
	at org.junit.runners.ParentRunner$3.evaluate(ParentRunner.java:306)
	at org.junit.runners.BlockJUnit4ClassRunner$1.evaluate(BlockJUnit4ClassRunner.java:100)
	at org.junit.runners.ParentRunner.runLeaf(ParentRunner.java:366)
	at org.junit.runners.BlockJUnit4ClassRunner.runChild(BlockJUnit4ClassRunner.java:103)
	at org.junit.runners.BlockJUnit4ClassRunner.runChild(BlockJUnit4ClassRunner.java:63)
	at org.junit.runners.ParentRunner$4.run(ParentRunner.java:331)
	at org.junit.runners.ParentRunner$1.schedule(ParentRunner.java:79)
	at org.junit.runners.ParentRunner.runChildren(ParentRunner.java:329)
	at org.junit.runners.ParentRunner.access$100(ParentRunner.java:66)
	at org.junit.runners.ParentRunner$2.evaluate(ParentRunner.java:293)
	at org.junit.runners.ParentRunner$3.evaluate(ParentRunner.java:306)
	at org.junit.runners.ParentRunner.run(ParentRunner.java:413)
	at org.apache.maven.surefire.junit4.JUnit4Provider.execute(JUnit4Provider.java:252)
	at org.apache.maven.surefire.junit4.JUnit4Provider.executeTestSet(JUnit4Provider.java:141)
	at org.apache.maven.surefire.junit4.JUnit4Provider.invoke(JUnit4Provider.java:112)
	at sun.reflect.NativeMethodAccessorImpl.invoke0(Native Method)
	at sun.reflect.NativeMethodAccessorImpl.invoke(NativeMethodAccessorImpl.java:62)
	at sun.reflect.DelegatingMethodAccessorImpl.invoke(DelegatingMethodAccessorImpl.java:43)
	at java.lang.reflect.Method.invoke(Method.java:498)
	at org.apache.maven.surefire.util.ReflectionUtils.invokeMethodWithArray(ReflectionUtils.java:189)
	at org.apache.maven.surefire.booter.ProviderFactory$ProviderProxy.invoke(ProviderFactory.java:165)
	at org.apache.maven.surefire.booter.ProviderFactory.invokeProvider(ProviderFactory.java:85)
	at org.apache.maven.surefire.booter.ForkedBooter.runSuitesInProcess(ForkedBooter.java:115)
	at org.apache.maven.surefire.booter.ForkedBooter.main(ForkedBooter.java:75)
Caused by: org.apache.hadoop.net.ConnectTimeoutException: 20000 millis timeout while waiting for channel to be ready for connect. ch : java.nio.channels.SocketChannel[connection-pending remote=192.168.88.221/192.168.88.221:8020]
	at org.apache.hadoop.net.NetUtils.connect(NetUtils.java:534)
	at org.apache.hadoop.net.NetUtils.connect(NetUtils.java:495)
	at org.apache.hadoop.ipc.Client$Connection.setupConnection(Client.java:615)
	at org.apache.hadoop.ipc.Client$Connection.setupIOstreams(Client.java:713)
	at org.apache.hadoop.ipc.Client$Connection.access$2900(Client.java:376)
	at org.apache.hadoop.ipc.Client.getConnection(Client.java:1529)
	at org.apache.hadoop.ipc.Client.call(Client.java:1452)
	... 56 more
</error>
    <system-err>20/08/25 21:31:45 INFO ipc.Client: Retrying connect to server: 192.168.88.221/192.168.88.221:8020. Already tried 0 time(s); maxRetries=45
20/08/25 21:32:05 INFO ipc.Client: Retrying connect to server: 192.168.88.221/192.168.88.221:8020. Already tried 1 time(s); maxRetries=45
20/08/25 21:32:25 INFO ipc.Client: Retrying connect to server: 192.168.88.221/192.168.88.221:8020. Already tried 2 time(s); maxRetries=45
20/08/25 21:32:45 INFO ipc.Client: Retrying connect to server: 192.168.88.221/192.168.88.221:8020. Already tried 3 time(s); maxRetries=45
20/08/25 21:33:05 INFO ipc.Client: Retrying connect to server: 192.168.88.221/192.168.88.221:8020. Already tried 4 time(s); maxRetries=45
20/08/25 21:33:25 INFO ipc.Client: Retrying connect to server: 192.168.88.221/192.168.88.221:8020. Already tried 5 time(s); maxRetries=45
20/08/25 21:33:45 INFO ipc.Client: Retrying connect to server: 192.168.88.221/192.168.88.221:8020. Already tried 6 time(s); maxRetries=45
20/08/25 21:34:05 INFO ipc.Client: Retrying connect to server: 192.168.88.221/192.168.88.221:8020. Already tried 7 time(s); maxRetries=45
20/08/25 21:34:25 INFO ipc.Client: Retrying connect to server: 192.168.88.221/192.168.88.221:8020. Already tried 8 time(s); maxRetries=45
20/08/25 21:34:45 INFO ipc.Client: Retrying connect to server: 192.168.88.221/192.168.88.221:8020. Already tried 9 time(s); maxRetries=45
20/08/25 21:35:05 INFO ipc.Client: Retrying connect to server: 192.168.88.221/192.168.88.221:8020. Already tried 10 time(s); maxRetries=45
20/08/25 21:35:25 INFO ipc.Client: Retrying connect to server: 192.168.88.221/192.168.88.221:8020. Already tried 11 time(s); maxRetries=45
20/08/25 21:35:46 INFO ipc.Client: Retrying connect to server: 192.168.88.221/192.168.88.221:8020. Already tried 12 time(s); maxRetries=45
20/08/25 21:36:06 INFO ipc.Client: Retrying connect to server: 192.168.88.221/192.168.88.221:8020. Already tried 13 time(s); maxRetries=45
20/08/25 21:36:26 INFO ipc.Client: Retrying connect to server: 192.168.88.221/192.168.88.221:8020. Already tried 14 time(s); maxRetries=45
20/08/25 21:36:46 INFO ipc.Client: Retrying connect to server: 192.168.88.221/192.168.88.221:8020. Already tried 15 time(s); maxRetries=45
20/08/25 21:37:06 INFO ipc.Client: Retrying connect to server: 192.168.88.221/192.168.88.221:8020. Already tried 16 time(s); maxRetries=45
20/08/25 21:37:26 INFO ipc.Client: Retrying connect to server: 192.168.88.221/192.168.88.221:8020. Already tried 17 time(s); maxRetries=45
20/08/25 21:37:46 INFO ipc.Client: Retrying connect to server: 192.168.88.221/192.168.88.221:8020. Already tried 18 time(s); maxRetries=45
20/08/25 21:38:06 INFO ipc.Client: Retrying connect to server: 192.168.88.221/192.168.88.221:8020. Already tried 19 time(s); maxRetries=45
20/08/25 21:38:26 INFO ipc.Client: Retrying connect to server: 192.168.88.221/192.168.88.221:8020. Already tried 20 time(s); maxRetries=45
20/08/25 21:38:46 INFO ipc.Client: Retrying connect to server: 192.168.88.221/192.168.88.221:8020. Already tried 21 time(s); maxRetries=45
20/08/25 21:39:06 INFO ipc.Client: Retrying connect to server: 192.168.88.221/192.168.88.221:8020. Already tried 22 time(s); maxRetries=45
20/08/25 21:39:26 INFO ipc.Client: Retrying connect to server: 192.168.88.221/192.168.88.221:8020. Already tried 23 time(s); maxRetries=45
20/08/25 21:39:46 INFO ipc.Client: Retrying connect to server: 192.168.88.221/192.168.88.221:8020. Already tried 24 time(s); maxRetries=45
20/08/25 21:40:06 INFO ipc.Client: Retrying connect to server: 192.168.88.221/192.168.88.221:8020. Already tried 25 time(s); maxRetries=45
20/08/25 21:40:26 INFO ipc.Client: Retrying connect to server: 192.168.88.221/192.168.88.221:8020. Already tried 26 time(s); maxRetries=45
20/08/25 21:40:46 INFO ipc.Client: Retrying connect to server: 192.168.88.221/192.168.88.221:8020. Already tried 27 time(s); maxRetries=45
20/08/25 21:41:06 INFO ipc.Client: Retrying connect to server: 192.168.88.221/192.168.88.221:8020. Already tried 28 time(s); maxRetries=45
20/08/25 21:41:26 INFO ipc.Client: Retrying connect to server: 192.168.88.221/192.168.88.221:8020. Already tried 29 time(s); maxRetries=45
20/08/25 21:41:46 INFO ipc.Client: Retrying connect to server: 192.168.88.221/192.168.88.221:8020. Already tried 30 time(s); maxRetries=45
20/08/25 21:42:06 INFO ipc.Client: Retrying connect to server: 192.168.88.221/192.168.88.221:8020. Already tried 31 time(s); maxRetries=45
20/08/25 21:42:26 INFO ipc.Client: Retrying connect to server: 192.168.88.221/192.168.88.221:8020. Already tried 32 time(s); maxRetries=45
20/08/25 21:42:46 INFO ipc.Client: Retrying connect to server: 192.168.88.221/192.168.88.221:8020. Already tried 33 time(s); maxRetries=45
20/08/25 21:43:06 INFO ipc.Client: Retrying connect to server: 192.168.88.221/192.168.88.221:8020. Already tried 34 time(s); maxRetries=45
20/08/25 21:43:26 INFO ipc.Client: Retrying connect to server: 192.168.88.221/192.168.88.221:8020. Already tried 35 time(s); maxRetries=45
20/08/25 21:43:46 INFO ipc.Client: Retrying connect to server: 192.168.88.221/192.168.88.221:8020. Already tried 36 time(s); maxRetries=45
20/08/25 21:44:06 INFO ipc.Client: Retrying connect to server: 192.168.88.221/192.168.88.221:8020. Already tried 37 time(s); maxRetries=45
20/08/25 21:44:26 INFO ipc.Client: Retrying connect to server: 192.168.88.221/192.168.88.221:8020. Already tried 38 time(s); maxRetries=45
20/08/25 21:44:46 INFO ipc.Client: Retrying connect to server: 192.168.88.221/192.168.88.221:8020. Already tried 39 time(s); maxRetries=45
20/08/25 21:45:06 INFO ipc.Client: Retrying connect to server: 192.168.88.221/192.168.88.221:8020. Already tried 40 time(s); maxRetries=45
20/08/25 21:45:26 INFO ipc.Client: Retrying connect to server: 192.168.88.221/192.168.88.221:8020. Already tried 41 time(s); maxRetries=45
20/08/25 21:45:46 INFO ipc.Client: Retrying connect to server: 192.168.88.221/192.168.88.221:8020. Already tried 42 time(s); maxRetries=45
20/08/25 21:46:06 INFO ipc.Client: Retrying connect to server: 192.168.88.221/192.168.88.221:8020. Already tried 43 time(s); maxRetries=45
20/08/25 21:46:26 INFO ipc.Client: Retrying connect to server: 192.168.88.221/192.168.88.221:8020. Already tried 44 time(s); maxRetries=45
</system-err>
  </testcase>
  <testcase classname="HDFSJavaClientTest" name="mergeUpload" time="920.371">
    <error message="Call From roohom-PC/10.254.34.182 to 192.168.88.221:8020 failed on socket timeout exception: org.apache.hadoop.net.ConnectTimeoutException: 20000 millis timeout while waiting for channel to be ready for connect. ch : java.nio.channels.SocketChannel[connection-pending remote=192.168.88.221/192.168.88.221:8020]; For more details see:  http://wiki.apache.org/hadoop/SocketTimeout" type="org.apache.hadoop.net.ConnectTimeoutException">org.apache.hadoop.net.ConnectTimeoutException: Call From roohom-PC/10.254.34.182 to 192.168.88.221:8020 failed on socket timeout exception: org.apache.hadoop.net.ConnectTimeoutException: 20000 millis timeout while waiting for channel to be ready for connect. ch : java.nio.channels.SocketChannel[connection-pending remote=192.168.88.221/192.168.88.221:8020]; For more details see:  http://wiki.apache.org/hadoop/SocketTimeout
	at sun.reflect.NativeConstructorAccessorImpl.newInstance0(Native Method)
	at sun.reflect.NativeConstructorAccessorImpl.newInstance(NativeConstructorAccessorImpl.java:62)
	at sun.reflect.DelegatingConstructorAccessorImpl.newInstance(DelegatingConstructorAccessorImpl.java:45)
	at java.lang.reflect.Constructor.newInstance(Constructor.java:423)
	at org.apache.hadoop.net.NetUtils.wrapWithMessage(NetUtils.java:792)
	at org.apache.hadoop.net.NetUtils.wrapException(NetUtils.java:751)
	at org.apache.hadoop.ipc.Client.call(Client.java:1480)
	at org.apache.hadoop.ipc.Client.call(Client.java:1413)
	at org.apache.hadoop.ipc.ProtobufRpcEngine$Invoker.invoke(ProtobufRpcEngine.java:229)
	at com.sun.proxy.$Proxy13.create(Unknown Source)
	at org.apache.hadoop.hdfs.protocolPB.ClientNamenodeProtocolTranslatorPB.create(ClientNamenodeProtocolTranslatorPB.java:296)
	at sun.reflect.NativeMethodAccessorImpl.invoke0(Native Method)
	at sun.reflect.NativeMethodAccessorImpl.invoke(NativeMethodAccessorImpl.java:62)
	at sun.reflect.DelegatingMethodAccessorImpl.invoke(DelegatingMethodAccessorImpl.java:43)
	at java.lang.reflect.Method.invoke(Method.java:498)
	at org.apache.hadoop.io.retry.RetryInvocationHandler.invokeMethod(RetryInvocationHandler.java:191)
	at org.apache.hadoop.io.retry.RetryInvocationHandler.invoke(RetryInvocationHandler.java:102)
	at com.sun.proxy.$Proxy14.create(Unknown Source)
	at org.apache.hadoop.hdfs.DFSOutputStream.newStreamForCreate(DFSOutputStream.java:1836)
	at org.apache.hadoop.hdfs.DFSClient.create(DFSClient.java:1698)
	at org.apache.hadoop.hdfs.DFSClient.create(DFSClient.java:1633)
	at org.apache.hadoop.hdfs.DistributedFileSystem$7.doCall(DistributedFileSystem.java:448)
	at org.apache.hadoop.hdfs.DistributedFileSystem$7.doCall(DistributedFileSystem.java:444)
	at org.apache.hadoop.fs.FileSystemLinkResolver.resolve(FileSystemLinkResolver.java:81)
	at org.apache.hadoop.hdfs.DistributedFileSystem.create(DistributedFileSystem.java:459)
	at org.apache.hadoop.hdfs.DistributedFileSystem.create(DistributedFileSystem.java:387)
	at org.apache.hadoop.fs.FileSystem.create(FileSystem.java:910)
	at org.apache.hadoop.fs.FileSystem.create(FileSystem.java:891)
	at org.apache.hadoop.fs.FileSystem.create(FileSystem.java:788)
	at org.apache.hadoop.fs.FileSystem.create(FileSystem.java:777)
	at HDFSJavaClientTest.mergeUpload(HDFSJavaClientTest.java:157)
	at sun.reflect.NativeMethodAccessorImpl.invoke0(Native Method)
	at sun.reflect.NativeMethodAccessorImpl.invoke(NativeMethodAccessorImpl.java:62)
	at sun.reflect.DelegatingMethodAccessorImpl.invoke(DelegatingMethodAccessorImpl.java:43)
	at java.lang.reflect.Method.invoke(Method.java:498)
	at org.junit.runners.model.FrameworkMethod$1.runReflectiveCall(FrameworkMethod.java:59)
	at org.junit.internal.runners.model.ReflectiveCallable.run(ReflectiveCallable.java:12)
	at org.junit.runners.model.FrameworkMethod.invokeExplosively(FrameworkMethod.java:56)
	at org.junit.internal.runners.statements.InvokeMethod.evaluate(InvokeMethod.java:17)
	at org.junit.runners.ParentRunner$3.evaluate(ParentRunner.java:306)
	at org.junit.runners.BlockJUnit4ClassRunner$1.evaluate(BlockJUnit4ClassRunner.java:100)
	at org.junit.runners.ParentRunner.runLeaf(ParentRunner.java:366)
	at org.junit.runners.BlockJUnit4ClassRunner.runChild(BlockJUnit4ClassRunner.java:103)
	at org.junit.runners.BlockJUnit4ClassRunner.runChild(BlockJUnit4ClassRunner.java:63)
	at org.junit.runners.ParentRunner$4.run(ParentRunner.java:331)
	at org.junit.runners.ParentRunner$1.schedule(ParentRunner.java:79)
	at org.junit.runners.ParentRunner.runChildren(ParentRunner.java:329)
	at org.junit.runners.ParentRunner.access$100(ParentRunner.java:66)
	at org.junit.runners.ParentRunner$2.evaluate(ParentRunner.java:293)
	at org.junit.runners.ParentRunner$3.evaluate(ParentRunner.java:306)
	at org.junit.runners.ParentRunner.run(ParentRunner.java:413)
	at org.apache.maven.surefire.junit4.JUnit4Provider.execute(JUnit4Provider.java:252)
	at org.apache.maven.surefire.junit4.JUnit4Provider.executeTestSet(JUnit4Provider.java:141)
	at org.apache.maven.surefire.junit4.JUnit4Provider.invoke(JUnit4Provider.java:112)
	at sun.reflect.NativeMethodAccessorImpl.invoke0(Native Method)
	at sun.reflect.NativeMethodAccessorImpl.invoke(NativeMethodAccessorImpl.java:62)
	at sun.reflect.DelegatingMethodAccessorImpl.invoke(DelegatingMethodAccessorImpl.java:43)
	at java.lang.reflect.Method.invoke(Method.java:498)
	at org.apache.maven.surefire.util.ReflectionUtils.invokeMethodWithArray(ReflectionUtils.java:189)
	at org.apache.maven.surefire.booter.ProviderFactory$ProviderProxy.invoke(ProviderFactory.java:165)
	at org.apache.maven.surefire.booter.ProviderFactory.invokeProvider(ProviderFactory.java:85)
	at org.apache.maven.surefire.booter.ForkedBooter.runSuitesInProcess(ForkedBooter.java:115)
	at org.apache.maven.surefire.booter.ForkedBooter.main(ForkedBooter.java:75)
Caused by: org.apache.hadoop.net.ConnectTimeoutException: 20000 millis timeout while waiting for channel to be ready for connect. ch : java.nio.channels.SocketChannel[connection-pending remote=192.168.88.221/192.168.88.221:8020]
	at org.apache.hadoop.net.NetUtils.connect(NetUtils.java:534)
	at org.apache.hadoop.net.NetUtils.connect(NetUtils.java:495)
	at org.apache.hadoop.ipc.Client$Connection.setupConnection(Client.java:615)
	at org.apache.hadoop.ipc.Client$Connection.setupIOstreams(Client.java:713)
	at org.apache.hadoop.ipc.Client$Connection.access$2900(Client.java:376)
	at org.apache.hadoop.ipc.Client.getConnection(Client.java:1529)
	at org.apache.hadoop.ipc.Client.call(Client.java:1452)
	... 56 more
</error>
    <system-err>20/08/25 21:47:06 INFO ipc.Client: Retrying connect to server: 192.168.88.221/192.168.88.221:8020. Already tried 0 time(s); maxRetries=45
20/08/25 21:47:26 INFO ipc.Client: Retrying connect to server: 192.168.88.221/192.168.88.221:8020. Already tried 1 time(s); maxRetries=45
20/08/25 21:47:46 INFO ipc.Client: Retrying connect to server: 192.168.88.221/192.168.88.221:8020. Already tried 2 time(s); maxRetries=45
20/08/25 21:48:06 INFO ipc.Client: Retrying connect to server: 192.168.88.221/192.168.88.221:8020. Already tried 3 time(s); maxRetries=45
20/08/25 21:48:26 INFO ipc.Client: Retrying connect to server: 192.168.88.221/192.168.88.221:8020. Already tried 4 time(s); maxRetries=45
20/08/25 21:48:46 INFO ipc.Client: Retrying connect to server: 192.168.88.221/192.168.88.221:8020. Already tried 5 time(s); maxRetries=45
20/08/25 21:49:06 INFO ipc.Client: Retrying connect to server: 192.168.88.221/192.168.88.221:8020. Already tried 6 time(s); maxRetries=45
20/08/25 21:49:26 INFO ipc.Client: Retrying connect to server: 192.168.88.221/192.168.88.221:8020. Already tried 7 time(s); maxRetries=45
20/08/25 21:49:46 INFO ipc.Client: Retrying connect to server: 192.168.88.221/192.168.88.221:8020. Already tried 8 time(s); maxRetries=45
20/08/25 21:50:06 INFO ipc.Client: Retrying connect to server: 192.168.88.221/192.168.88.221:8020. Already tried 9 time(s); maxRetries=45
20/08/25 21:50:26 INFO ipc.Client: Retrying connect to server: 192.168.88.221/192.168.88.221:8020. Already tried 10 time(s); maxRetries=45
20/08/25 21:50:46 INFO ipc.Client: Retrying connect to server: 192.168.88.221/192.168.88.221:8020. Already tried 11 time(s); maxRetries=45
20/08/25 21:51:06 INFO ipc.Client: Retrying connect to server: 192.168.88.221/192.168.88.221:8020. Already tried 12 time(s); maxRetries=45
20/08/25 21:51:26 INFO ipc.Client: Retrying connect to server: 192.168.88.221/192.168.88.221:8020. Already tried 13 time(s); maxRetries=45
20/08/25 21:51:46 INFO ipc.Client: Retrying connect to server: 192.168.88.221/192.168.88.221:8020. Already tried 14 time(s); maxRetries=45
20/08/25 21:52:06 INFO ipc.Client: Retrying connect to server: 192.168.88.221/192.168.88.221:8020. Already tried 15 time(s); maxRetries=45
20/08/25 21:52:26 INFO ipc.Client: Retrying connect to server: 192.168.88.221/192.168.88.221:8020. Already tried 16 time(s); maxRetries=45
20/08/25 21:52:46 INFO ipc.Client: Retrying connect to server: 192.168.88.221/192.168.88.221:8020. Already tried 17 time(s); maxRetries=45
20/08/25 21:53:06 INFO ipc.Client: Retrying connect to server: 192.168.88.221/192.168.88.221:8020. Already tried 18 time(s); maxRetries=45
20/08/25 21:53:26 INFO ipc.Client: Retrying connect to server: 192.168.88.221/192.168.88.221:8020. Already tried 19 time(s); maxRetries=45
20/08/25 21:53:46 INFO ipc.Client: Retrying connect to server: 192.168.88.221/192.168.88.221:8020. Already tried 20 time(s); maxRetries=45
20/08/25 21:54:06 INFO ipc.Client: Retrying connect to server: 192.168.88.221/192.168.88.221:8020. Already tried 21 time(s); maxRetries=45
20/08/25 21:54:26 INFO ipc.Client: Retrying connect to server: 192.168.88.221/192.168.88.221:8020. Already tried 22 time(s); maxRetries=45
20/08/25 21:54:46 INFO ipc.Client: Retrying connect to server: 192.168.88.221/192.168.88.221:8020. Already tried 23 time(s); maxRetries=45
20/08/25 21:55:06 INFO ipc.Client: Retrying connect to server: 192.168.88.221/192.168.88.221:8020. Already tried 24 time(s); maxRetries=45
20/08/25 21:55:26 INFO ipc.Client: Retrying connect to server: 192.168.88.221/192.168.88.221:8020. Already tried 25 time(s); maxRetries=45
20/08/25 21:55:46 INFO ipc.Client: Retrying connect to server: 192.168.88.221/192.168.88.221:8020. Already tried 26 time(s); maxRetries=45
20/08/25 21:56:06 INFO ipc.Client: Retrying connect to server: 192.168.88.221/192.168.88.221:8020. Already tried 27 time(s); maxRetries=45
20/08/25 21:56:26 INFO ipc.Client: Retrying connect to server: 192.168.88.221/192.168.88.221:8020. Already tried 28 time(s); maxRetries=45
20/08/25 21:56:46 INFO ipc.Client: Retrying connect to server: 192.168.88.221/192.168.88.221:8020. Already tried 29 time(s); maxRetries=45
20/08/25 21:57:06 INFO ipc.Client: Retrying connect to server: 192.168.88.221/192.168.88.221:8020. Already tried 30 time(s); maxRetries=45
20/08/25 21:57:26 INFO ipc.Client: Retrying connect to server: 192.168.88.221/192.168.88.221:8020. Already tried 31 time(s); maxRetries=45
20/08/25 21:57:46 INFO ipc.Client: Retrying connect to server: 192.168.88.221/192.168.88.221:8020. Already tried 32 time(s); maxRetries=45
20/08/25 21:58:06 INFO ipc.Client: Retrying connect to server: 192.168.88.221/192.168.88.221:8020. Already tried 33 time(s); maxRetries=45
20/08/25 21:58:26 INFO ipc.Client: Retrying connect to server: 192.168.88.221/192.168.88.221:8020. Already tried 34 time(s); maxRetries=45
20/08/25 21:58:46 INFO ipc.Client: Retrying connect to server: 192.168.88.221/192.168.88.221:8020. Already tried 35 time(s); maxRetries=45
20/08/25 21:59:06 INFO ipc.Client: Retrying connect to server: 192.168.88.221/192.168.88.221:8020. Already tried 36 time(s); maxRetries=45
20/08/25 21:59:26 INFO ipc.Client: Retrying connect to server: 192.168.88.221/192.168.88.221:8020. Already tried 37 time(s); maxRetries=45
20/08/25 21:59:46 INFO ipc.Client: Retrying connect to server: 192.168.88.221/192.168.88.221:8020. Already tried 38 time(s); maxRetries=45
20/08/25 22:00:06 INFO ipc.Client: Retrying connect to server: 192.168.88.221/192.168.88.221:8020. Already tried 39 time(s); maxRetries=45
20/08/25 22:00:26 INFO ipc.Client: Retrying connect to server: 192.168.88.221/192.168.88.221:8020. Already tried 40 time(s); maxRetries=45
20/08/25 22:00:46 INFO ipc.Client: Retrying connect to server: 192.168.88.221/192.168.88.221:8020. Already tried 41 time(s); maxRetries=45
20/08/25 22:01:06 INFO ipc.Client: Retrying connect to server: 192.168.88.221/192.168.88.221:8020. Already tried 42 time(s); maxRetries=45
20/08/25 22:01:26 INFO ipc.Client: Retrying connect to server: 192.168.88.221/192.168.88.221:8020. Already tried 43 time(s); maxRetries=45
20/08/25 22:01:46 INFO ipc.Client: Retrying connect to server: 192.168.88.221/192.168.88.221:8020. Already tried 44 time(s); maxRetries=45
</system-err>
  </testcase>
  <testcase classname="HDFSJavaClientTest" name="createDir" time="134.96">
    <error message="Failed on local exception: java.net.SocketException: Software caused connection abort: no further information; Host Details : local host is: &quot;roohom-PC/192.168.137.1&quot;; destination host is: &quot;192.168.88.221&quot;:8020; " type="java.io.IOException">java.io.IOException: Failed on local exception: java.net.SocketException: Software caused connection abort: no further information; Host Details : local host is: &quot;roohom-PC/192.168.137.1&quot;; destination host is: &quot;192.168.88.221&quot;:8020; 
	at org.apache.hadoop.net.NetUtils.wrapException(NetUtils.java:776)
	at org.apache.hadoop.ipc.Client.call(Client.java:1480)
	at org.apache.hadoop.ipc.Client.call(Client.java:1413)
	at org.apache.hadoop.ipc.ProtobufRpcEngine$Invoker.invoke(ProtobufRpcEngine.java:229)
	at com.sun.proxy.$Proxy13.getFileInfo(Unknown Source)
	at org.apache.hadoop.hdfs.protocolPB.ClientNamenodeProtocolTranslatorPB.getFileInfo(ClientNamenodeProtocolTranslatorPB.java:776)
	at sun.reflect.NativeMethodAccessorImpl.invoke0(Native Method)
	at sun.reflect.NativeMethodAccessorImpl.invoke(NativeMethodAccessorImpl.java:62)
	at sun.reflect.DelegatingMethodAccessorImpl.invoke(DelegatingMethodAccessorImpl.java:43)
	at java.lang.reflect.Method.invoke(Method.java:498)
	at org.apache.hadoop.io.retry.RetryInvocationHandler.invokeMethod(RetryInvocationHandler.java:191)
	at org.apache.hadoop.io.retry.RetryInvocationHandler.invoke(RetryInvocationHandler.java:102)
	at com.sun.proxy.$Proxy14.getFileInfo(Unknown Source)
	at org.apache.hadoop.hdfs.DFSClient.getFileInfo(DFSClient.java:2117)
	at org.apache.hadoop.hdfs.DistributedFileSystem$22.doCall(DistributedFileSystem.java:1305)
	at org.apache.hadoop.hdfs.DistributedFileSystem$22.doCall(DistributedFileSystem.java:1301)
	at org.apache.hadoop.fs.FileSystemLinkResolver.resolve(FileSystemLinkResolver.java:81)
	at org.apache.hadoop.hdfs.DistributedFileSystem.getFileStatus(DistributedFileSystem.java:1317)
	at org.apache.hadoop.fs.FileSystem.exists(FileSystem.java:1425)
	at HDFSJavaClientTest.createDir(HDFSJavaClientTest.java:77)
	at sun.reflect.NativeMethodAccessorImpl.invoke0(Native Method)
	at sun.reflect.NativeMethodAccessorImpl.invoke(NativeMethodAccessorImpl.java:62)
	at sun.reflect.DelegatingMethodAccessorImpl.invoke(DelegatingMethodAccessorImpl.java:43)
	at java.lang.reflect.Method.invoke(Method.java:498)
	at org.junit.runners.model.FrameworkMethod$1.runReflectiveCall(FrameworkMethod.java:59)
	at org.junit.internal.runners.model.ReflectiveCallable.run(ReflectiveCallable.java:12)
	at org.junit.runners.model.FrameworkMethod.invokeExplosively(FrameworkMethod.java:56)
	at org.junit.internal.runners.statements.InvokeMethod.evaluate(InvokeMethod.java:17)
	at org.junit.runners.ParentRunner$3.evaluate(ParentRunner.java:306)
	at org.junit.runners.BlockJUnit4ClassRunner$1.evaluate(BlockJUnit4ClassRunner.java:100)
	at org.junit.runners.ParentRunner.runLeaf(ParentRunner.java:366)
	at org.junit.runners.BlockJUnit4ClassRunner.runChild(BlockJUnit4ClassRunner.java:103)
	at org.junit.runners.BlockJUnit4ClassRunner.runChild(BlockJUnit4ClassRunner.java:63)
	at org.junit.runners.ParentRunner$4.run(ParentRunner.java:331)
	at org.junit.runners.ParentRunner$1.schedule(ParentRunner.java:79)
	at org.junit.runners.ParentRunner.runChildren(ParentRunner.java:329)
	at org.junit.runners.ParentRunner.access$100(ParentRunner.java:66)
	at org.junit.runners.ParentRunner$2.evaluate(ParentRunner.java:293)
	at org.junit.runners.ParentRunner$3.evaluate(ParentRunner.java:306)
	at org.junit.runners.ParentRunner.run(ParentRunner.java:413)
	at org.apache.maven.surefire.junit4.JUnit4Provider.execute(JUnit4Provider.java:252)
	at org.apache.maven.surefire.junit4.JUnit4Provider.executeTestSet(JUnit4Provider.java:141)
	at org.apache.maven.surefire.junit4.JUnit4Provider.invoke(JUnit4Provider.java:112)
	at sun.reflect.NativeMethodAccessorImpl.invoke0(Native Method)
	at sun.reflect.NativeMethodAccessorImpl.invoke(NativeMethodAccessorImpl.java:62)
	at sun.reflect.DelegatingMethodAccessorImpl.invoke(DelegatingMethodAccessorImpl.java:43)
	at java.lang.reflect.Method.invoke(Method.java:498)
	at org.apache.maven.surefire.util.ReflectionUtils.invokeMethodWithArray(ReflectionUtils.java:189)
	at org.apache.maven.surefire.booter.ProviderFactory$ProviderProxy.invoke(ProviderFactory.java:165)
	at org.apache.maven.surefire.booter.ProviderFactory.invokeProvider(ProviderFactory.java:85)
	at org.apache.maven.surefire.booter.ForkedBooter.runSuitesInProcess(ForkedBooter.java:115)
	at org.apache.maven.surefire.booter.ForkedBooter.main(ForkedBooter.java:75)
Caused by: java.net.SocketException: Software caused connection abort: no further information
	at sun.nio.ch.SocketChannelImpl.checkConnect(Native Method)
	at sun.nio.ch.SocketChannelImpl.finishConnect(SocketChannelImpl.java:717)
	at org.apache.hadoop.net.SocketIOWithTimeout.connect(SocketIOWithTimeout.java:206)
	at org.apache.hadoop.net.NetUtils.connect(NetUtils.java:531)
	at org.apache.hadoop.net.NetUtils.connect(NetUtils.java:495)
	at org.apache.hadoop.ipc.Client$Connection.setupConnection(Client.java:615)
	at org.apache.hadoop.ipc.Client$Connection.setupIOstreams(Client.java:713)
	at org.apache.hadoop.ipc.Client$Connection.access$2900(Client.java:376)
	at org.apache.hadoop.ipc.Client.getConnection(Client.java:1529)
	at org.apache.hadoop.ipc.Client.call(Client.java:1452)
	... 50 more
</error>
    <system-err>20/08/25 22:02:26 INFO ipc.Client: Retrying connect to server: 192.168.88.221/192.168.88.221:8020. Already tried 0 time(s); maxRetries=45
20/08/25 22:02:46 INFO ipc.Client: Retrying connect to server: 192.168.88.221/192.168.88.221:8020. Already tried 1 time(s); maxRetries=45
20/08/25 22:03:06 INFO ipc.Client: Retrying connect to server: 192.168.88.221/192.168.88.221:8020. Already tried 2 time(s); maxRetries=45
20/08/25 22:03:26 INFO ipc.Client: Retrying connect to server: 192.168.88.221/192.168.88.221:8020. Already tried 3 time(s); maxRetries=45
20/08/25 22:03:46 INFO ipc.Client: Retrying connect to server: 192.168.88.221/192.168.88.221:8020. Already tried 4 time(s); maxRetries=45
20/08/25 22:04:06 INFO ipc.Client: Retrying connect to server: 192.168.88.221/192.168.88.221:8020. Already tried 5 time(s); maxRetries=45
</system-err>
  </testcase>
  <testcase classname="HDFSJavaClientTest" name="downloadHDFS" time="920.497">
    <error message="Call From roohom-PC/192.168.137.1 to 192.168.88.221:8020 failed on socket timeout exception: org.apache.hadoop.net.ConnectTimeoutException: 20000 millis timeout while waiting for channel to be ready for connect. ch : java.nio.channels.SocketChannel[connection-pending remote=192.168.88.221/192.168.88.221:8020]; For more details see:  http://wiki.apache.org/hadoop/SocketTimeout" type="org.apache.hadoop.net.ConnectTimeoutException">org.apache.hadoop.net.ConnectTimeoutException: Call From roohom-PC/192.168.137.1 to 192.168.88.221:8020 failed on socket timeout exception: org.apache.hadoop.net.ConnectTimeoutException: 20000 millis timeout while waiting for channel to be ready for connect. ch : java.nio.channels.SocketChannel[connection-pending remote=192.168.88.221/192.168.88.221:8020]; For more details see:  http://wiki.apache.org/hadoop/SocketTimeout
	at sun.reflect.NativeConstructorAccessorImpl.newInstance0(Native Method)
	at sun.reflect.NativeConstructorAccessorImpl.newInstance(NativeConstructorAccessorImpl.java:62)
	at sun.reflect.DelegatingConstructorAccessorImpl.newInstance(DelegatingConstructorAccessorImpl.java:45)
	at java.lang.reflect.Constructor.newInstance(Constructor.java:423)
	at org.apache.hadoop.net.NetUtils.wrapWithMessage(NetUtils.java:792)
	at org.apache.hadoop.net.NetUtils.wrapException(NetUtils.java:751)
	at org.apache.hadoop.ipc.Client.call(Client.java:1480)
	at org.apache.hadoop.ipc.Client.call(Client.java:1413)
	at org.apache.hadoop.ipc.ProtobufRpcEngine$Invoker.invoke(ProtobufRpcEngine.java:229)
	at com.sun.proxy.$Proxy13.getFileInfo(Unknown Source)
	at org.apache.hadoop.hdfs.protocolPB.ClientNamenodeProtocolTranslatorPB.getFileInfo(ClientNamenodeProtocolTranslatorPB.java:776)
	at sun.reflect.NativeMethodAccessorImpl.invoke0(Native Method)
	at sun.reflect.NativeMethodAccessorImpl.invoke(NativeMethodAccessorImpl.java:62)
	at sun.reflect.DelegatingMethodAccessorImpl.invoke(DelegatingMethodAccessorImpl.java:43)
	at java.lang.reflect.Method.invoke(Method.java:498)
	at org.apache.hadoop.io.retry.RetryInvocationHandler.invokeMethod(RetryInvocationHandler.java:191)
	at org.apache.hadoop.io.retry.RetryInvocationHandler.invoke(RetryInvocationHandler.java:102)
	at com.sun.proxy.$Proxy14.getFileInfo(Unknown Source)
	at org.apache.hadoop.hdfs.DFSClient.getFileInfo(DFSClient.java:2117)
	at org.apache.hadoop.hdfs.DistributedFileSystem$22.doCall(DistributedFileSystem.java:1305)
	at org.apache.hadoop.hdfs.DistributedFileSystem$22.doCall(DistributedFileSystem.java:1301)
	at org.apache.hadoop.fs.FileSystemLinkResolver.resolve(FileSystemLinkResolver.java:81)
	at org.apache.hadoop.hdfs.DistributedFileSystem.getFileStatus(DistributedFileSystem.java:1317)
	at org.apache.hadoop.fs.FileUtil.copy(FileUtil.java:337)
	at org.apache.hadoop.fs.FileUtil.copy(FileUtil.java:289)
	at org.apache.hadoop.fs.FileSystem.copyToLocalFile(FileSystem.java:2033)
	at org.apache.hadoop.fs.FileSystem.copyToLocalFile(FileSystem.java:2002)
	at org.apache.hadoop.fs.FileSystem.copyToLocalFile(FileSystem.java:1978)
	at HDFSJavaClientTest.downloadHDFS(HDFSJavaClientTest.java:141)
	at sun.reflect.NativeMethodAccessorImpl.invoke0(Native Method)
	at sun.reflect.NativeMethodAccessorImpl.invoke(NativeMethodAccessorImpl.java:62)
	at sun.reflect.DelegatingMethodAccessorImpl.invoke(DelegatingMethodAccessorImpl.java:43)
	at java.lang.reflect.Method.invoke(Method.java:498)
	at org.junit.runners.model.FrameworkMethod$1.runReflectiveCall(FrameworkMethod.java:59)
	at org.junit.internal.runners.model.ReflectiveCallable.run(ReflectiveCallable.java:12)
	at org.junit.runners.model.FrameworkMethod.invokeExplosively(FrameworkMethod.java:56)
	at org.junit.internal.runners.statements.InvokeMethod.evaluate(InvokeMethod.java:17)
	at org.junit.runners.ParentRunner$3.evaluate(ParentRunner.java:306)
	at org.junit.runners.BlockJUnit4ClassRunner$1.evaluate(BlockJUnit4ClassRunner.java:100)
	at org.junit.runners.ParentRunner.runLeaf(ParentRunner.java:366)
	at org.junit.runners.BlockJUnit4ClassRunner.runChild(BlockJUnit4ClassRunner.java:103)
	at org.junit.runners.BlockJUnit4ClassRunner.runChild(BlockJUnit4ClassRunner.java:63)
	at org.junit.runners.ParentRunner$4.run(ParentRunner.java:331)
	at org.junit.runners.ParentRunner$1.schedule(ParentRunner.java:79)
	at org.junit.runners.ParentRunner.runChildren(ParentRunner.java:329)
	at org.junit.runners.ParentRunner.access$100(ParentRunner.java:66)
	at org.junit.runners.ParentRunner$2.evaluate(ParentRunner.java:293)
	at org.junit.runners.ParentRunner$3.evaluate(ParentRunner.java:306)
	at org.junit.runners.ParentRunner.run(ParentRunner.java:413)
	at org.apache.maven.surefire.junit4.JUnit4Provider.execute(JUnit4Provider.java:252)
	at org.apache.maven.surefire.junit4.JUnit4Provider.executeTestSet(JUnit4Provider.java:141)
	at org.apache.maven.surefire.junit4.JUnit4Provider.invoke(JUnit4Provider.java:112)
	at sun.reflect.NativeMethodAccessorImpl.invoke0(Native Method)
	at sun.reflect.NativeMethodAccessorImpl.invoke(NativeMethodAccessorImpl.java:62)
	at sun.reflect.DelegatingMethodAccessorImpl.invoke(DelegatingMethodAccessorImpl.java:43)
	at java.lang.reflect.Method.invoke(Method.java:498)
	at org.apache.maven.surefire.util.ReflectionUtils.invokeMethodWithArray(ReflectionUtils.java:189)
	at org.apache.maven.surefire.booter.ProviderFactory$ProviderProxy.invoke(ProviderFactory.java:165)
	at org.apache.maven.surefire.booter.ProviderFactory.invokeProvider(ProviderFactory.java:85)
	at org.apache.maven.surefire.booter.ForkedBooter.runSuitesInProcess(ForkedBooter.java:115)
	at org.apache.maven.surefire.booter.ForkedBooter.main(ForkedBooter.java:75)
Caused by: org.apache.hadoop.net.ConnectTimeoutException: 20000 millis timeout while waiting for channel to be ready for connect. ch : java.nio.channels.SocketChannel[connection-pending remote=192.168.88.221/192.168.88.221:8020]
	at org.apache.hadoop.net.NetUtils.connect(NetUtils.java:534)
	at org.apache.hadoop.net.NetUtils.connect(NetUtils.java:495)
	at org.apache.hadoop.ipc.Client$Connection.setupConnection(Client.java:615)
	at org.apache.hadoop.ipc.Client$Connection.setupIOstreams(Client.java:713)
	at org.apache.hadoop.ipc.Client$Connection.access$2900(Client.java:376)
	at org.apache.hadoop.ipc.Client.getConnection(Client.java:1529)
	at org.apache.hadoop.ipc.Client.call(Client.java:1452)
	... 54 more
</error>
    <system-err>20/08/25 22:04:41 INFO ipc.Client: Retrying connect to server: 192.168.88.221/192.168.88.221:8020. Already tried 0 time(s); maxRetries=45
20/08/25 22:05:01 INFO ipc.Client: Retrying connect to server: 192.168.88.221/192.168.88.221:8020. Already tried 1 time(s); maxRetries=45
20/08/25 22:05:21 INFO ipc.Client: Retrying connect to server: 192.168.88.221/192.168.88.221:8020. Already tried 2 time(s); maxRetries=45
20/08/25 22:05:41 INFO ipc.Client: Retrying connect to server: 192.168.88.221/192.168.88.221:8020. Already tried 3 time(s); maxRetries=45
20/08/25 22:06:01 INFO ipc.Client: Retrying connect to server: 192.168.88.221/192.168.88.221:8020. Already tried 4 time(s); maxRetries=45
20/08/25 22:06:21 INFO ipc.Client: Retrying connect to server: 192.168.88.221/192.168.88.221:8020. Already tried 5 time(s); maxRetries=45
20/08/25 22:06:41 INFO ipc.Client: Retrying connect to server: 192.168.88.221/192.168.88.221:8020. Already tried 6 time(s); maxRetries=45
20/08/25 22:07:01 INFO ipc.Client: Retrying connect to server: 192.168.88.221/192.168.88.221:8020. Already tried 7 time(s); maxRetries=45
20/08/25 22:07:21 INFO ipc.Client: Retrying connect to server: 192.168.88.221/192.168.88.221:8020. Already tried 8 time(s); maxRetries=45
20/08/25 22:07:41 INFO ipc.Client: Retrying connect to server: 192.168.88.221/192.168.88.221:8020. Already tried 9 time(s); maxRetries=45
20/08/25 22:08:01 INFO ipc.Client: Retrying connect to server: 192.168.88.221/192.168.88.221:8020. Already tried 10 time(s); maxRetries=45
20/08/25 22:08:21 INFO ipc.Client: Retrying connect to server: 192.168.88.221/192.168.88.221:8020. Already tried 11 time(s); maxRetries=45
20/08/25 22:08:41 INFO ipc.Client: Retrying connect to server: 192.168.88.221/192.168.88.221:8020. Already tried 12 time(s); maxRetries=45
20/08/25 22:09:01 INFO ipc.Client: Retrying connect to server: 192.168.88.221/192.168.88.221:8020. Already tried 13 time(s); maxRetries=45
20/08/25 22:09:21 INFO ipc.Client: Retrying connect to server: 192.168.88.221/192.168.88.221:8020. Already tried 14 time(s); maxRetries=45
20/08/25 22:09:41 INFO ipc.Client: Retrying connect to server: 192.168.88.221/192.168.88.221:8020. Already tried 15 time(s); maxRetries=45
20/08/25 22:10:01 INFO ipc.Client: Retrying connect to server: 192.168.88.221/192.168.88.221:8020. Already tried 16 time(s); maxRetries=45
20/08/25 22:10:21 INFO ipc.Client: Retrying connect to server: 192.168.88.221/192.168.88.221:8020. Already tried 17 time(s); maxRetries=45
20/08/25 22:10:41 INFO ipc.Client: Retrying connect to server: 192.168.88.221/192.168.88.221:8020. Already tried 18 time(s); maxRetries=45
20/08/25 22:11:01 INFO ipc.Client: Retrying connect to server: 192.168.88.221/192.168.88.221:8020. Already tried 19 time(s); maxRetries=45
20/08/25 22:11:21 INFO ipc.Client: Retrying connect to server: 192.168.88.221/192.168.88.221:8020. Already tried 20 time(s); maxRetries=45
20/08/25 22:11:41 INFO ipc.Client: Retrying connect to server: 192.168.88.221/192.168.88.221:8020. Already tried 21 time(s); maxRetries=45
20/08/25 22:12:01 INFO ipc.Client: Retrying connect to server: 192.168.88.221/192.168.88.221:8020. Already tried 22 time(s); maxRetries=45
20/08/25 22:12:21 INFO ipc.Client: Retrying connect to server: 192.168.88.221/192.168.88.221:8020. Already tried 23 time(s); maxRetries=45
20/08/25 22:12:41 INFO ipc.Client: Retrying connect to server: 192.168.88.221/192.168.88.221:8020. Already tried 24 time(s); maxRetries=45
20/08/25 22:13:01 INFO ipc.Client: Retrying connect to server: 192.168.88.221/192.168.88.221:8020. Already tried 25 time(s); maxRetries=45
20/08/25 22:13:21 INFO ipc.Client: Retrying connect to server: 192.168.88.221/192.168.88.221:8020. Already tried 26 time(s); maxRetries=45
20/08/25 22:13:41 INFO ipc.Client: Retrying connect to server: 192.168.88.221/192.168.88.221:8020. Already tried 27 time(s); maxRetries=45
20/08/25 22:14:01 INFO ipc.Client: Retrying connect to server: 192.168.88.221/192.168.88.221:8020. Already tried 28 time(s); maxRetries=45
20/08/25 22:14:21 INFO ipc.Client: Retrying connect to server: 192.168.88.221/192.168.88.221:8020. Already tried 29 time(s); maxRetries=45
20/08/25 22:14:41 INFO ipc.Client: Retrying connect to server: 192.168.88.221/192.168.88.221:8020. Already tried 30 time(s); maxRetries=45
20/08/25 22:15:01 INFO ipc.Client: Retrying connect to server: 192.168.88.221/192.168.88.221:8020. Already tried 31 time(s); maxRetries=45
20/08/25 22:15:21 INFO ipc.Client: Retrying connect to server: 192.168.88.221/192.168.88.221:8020. Already tried 32 time(s); maxRetries=45
20/08/25 22:15:41 INFO ipc.Client: Retrying connect to server: 192.168.88.221/192.168.88.221:8020. Already tried 33 time(s); maxRetries=45
20/08/25 22:16:01 INFO ipc.Client: Retrying connect to server: 192.168.88.221/192.168.88.221:8020. Already tried 34 time(s); maxRetries=45
20/08/25 22:16:21 INFO ipc.Client: Retrying connect to server: 192.168.88.221/192.168.88.221:8020. Already tried 35 time(s); maxRetries=45
20/08/25 22:16:41 INFO ipc.Client: Retrying connect to server: 192.168.88.221/192.168.88.221:8020. Already tried 36 time(s); maxRetries=45
20/08/25 22:17:01 INFO ipc.Client: Retrying connect to server: 192.168.88.221/192.168.88.221:8020. Already tried 37 time(s); maxRetries=45
20/08/25 22:17:21 INFO ipc.Client: Retrying connect to server: 192.168.88.221/192.168.88.221:8020. Already tried 38 time(s); maxRetries=45
20/08/25 22:17:42 INFO ipc.Client: Retrying connect to server: 192.168.88.221/192.168.88.221:8020. Already tried 39 time(s); maxRetries=45
20/08/25 22:18:02 INFO ipc.Client: Retrying connect to server: 192.168.88.221/192.168.88.221:8020. Already tried 40 time(s); maxRetries=45
20/08/25 22:18:22 INFO ipc.Client: Retrying connect to server: 192.168.88.221/192.168.88.221:8020. Already tried 41 time(s); maxRetries=45
20/08/25 22:18:42 INFO ipc.Client: Retrying connect to server: 192.168.88.221/192.168.88.221:8020. Already tried 42 time(s); maxRetries=45
20/08/25 22:19:02 INFO ipc.Client: Retrying connect to server: 192.168.88.221/192.168.88.221:8020. Already tried 43 time(s); maxRetries=45
20/08/25 22:19:22 INFO ipc.Client: Retrying connect to server: 192.168.88.221/192.168.88.221:8020. Already tried 44 time(s); maxRetries=45
</system-err>
  </testcase>
  <testcase classname="HDFSJavaClientTest" name="listHDFS" time="920.054">
    <error message="Call From roohom-PC/192.168.137.1 to 192.168.88.221:8020 failed on socket timeout exception: org.apache.hadoop.net.ConnectTimeoutException: 20000 millis timeout while waiting for channel to be ready for connect. ch : java.nio.channels.SocketChannel[connection-pending remote=192.168.88.221/192.168.88.221:8020]; For more details see:  http://wiki.apache.org/hadoop/SocketTimeout" type="org.apache.hadoop.net.ConnectTimeoutException">org.apache.hadoop.net.ConnectTimeoutException: Call From roohom-PC/192.168.137.1 to 192.168.88.221:8020 failed on socket timeout exception: org.apache.hadoop.net.ConnectTimeoutException: 20000 millis timeout while waiting for channel to be ready for connect. ch : java.nio.channels.SocketChannel[connection-pending remote=192.168.88.221/192.168.88.221:8020]; For more details see:  http://wiki.apache.org/hadoop/SocketTimeout
	at sun.reflect.NativeConstructorAccessorImpl.newInstance0(Native Method)
	at sun.reflect.NativeConstructorAccessorImpl.newInstance(NativeConstructorAccessorImpl.java:62)
	at sun.reflect.DelegatingConstructorAccessorImpl.newInstance(DelegatingConstructorAccessorImpl.java:45)
	at java.lang.reflect.Constructor.newInstance(Constructor.java:423)
	at org.apache.hadoop.net.NetUtils.wrapWithMessage(NetUtils.java:792)
	at org.apache.hadoop.net.NetUtils.wrapException(NetUtils.java:751)
	at org.apache.hadoop.ipc.Client.call(Client.java:1480)
	at org.apache.hadoop.ipc.Client.call(Client.java:1413)
	at org.apache.hadoop.ipc.ProtobufRpcEngine$Invoker.invoke(ProtobufRpcEngine.java:229)
	at com.sun.proxy.$Proxy13.getListing(Unknown Source)
	at org.apache.hadoop.hdfs.protocolPB.ClientNamenodeProtocolTranslatorPB.getListing(ClientNamenodeProtocolTranslatorPB.java:578)
	at sun.reflect.NativeMethodAccessorImpl.invoke0(Native Method)
	at sun.reflect.NativeMethodAccessorImpl.invoke(NativeMethodAccessorImpl.java:62)
	at sun.reflect.DelegatingMethodAccessorImpl.invoke(DelegatingMethodAccessorImpl.java:43)
	at java.lang.reflect.Method.invoke(Method.java:498)
	at org.apache.hadoop.io.retry.RetryInvocationHandler.invokeMethod(RetryInvocationHandler.java:191)
	at org.apache.hadoop.io.retry.RetryInvocationHandler.invoke(RetryInvocationHandler.java:102)
	at com.sun.proxy.$Proxy14.getListing(Unknown Source)
	at org.apache.hadoop.hdfs.DFSClient.listPaths(DFSClient.java:2095)
	at org.apache.hadoop.hdfs.DFSClient.listPaths(DFSClient.java:2078)
	at org.apache.hadoop.hdfs.DistributedFileSystem.listStatusInternal(DistributedFileSystem.java:791)
	at org.apache.hadoop.hdfs.DistributedFileSystem.access$700(DistributedFileSystem.java:106)
	at org.apache.hadoop.hdfs.DistributedFileSystem$18.doCall(DistributedFileSystem.java:853)
	at org.apache.hadoop.hdfs.DistributedFileSystem$18.doCall(DistributedFileSystem.java:849)
	at org.apache.hadoop.fs.FileSystemLinkResolver.resolve(FileSystemLinkResolver.java:81)
	at org.apache.hadoop.hdfs.DistributedFileSystem.listStatus(DistributedFileSystem.java:860)
	at HDFSJavaClientTest.listHDFS(HDFSJavaClientTest.java:98)
	at sun.reflect.NativeMethodAccessorImpl.invoke0(Native Method)
	at sun.reflect.NativeMethodAccessorImpl.invoke(NativeMethodAccessorImpl.java:62)
	at sun.reflect.DelegatingMethodAccessorImpl.invoke(DelegatingMethodAccessorImpl.java:43)
	at java.lang.reflect.Method.invoke(Method.java:498)
	at org.junit.runners.model.FrameworkMethod$1.runReflectiveCall(FrameworkMethod.java:59)
	at org.junit.internal.runners.model.ReflectiveCallable.run(ReflectiveCallable.java:12)
	at org.junit.runners.model.FrameworkMethod.invokeExplosively(FrameworkMethod.java:56)
	at org.junit.internal.runners.statements.InvokeMethod.evaluate(InvokeMethod.java:17)
	at org.junit.runners.ParentRunner$3.evaluate(ParentRunner.java:306)
	at org.junit.runners.BlockJUnit4ClassRunner$1.evaluate(BlockJUnit4ClassRunner.java:100)
	at org.junit.runners.ParentRunner.runLeaf(ParentRunner.java:366)
	at org.junit.runners.BlockJUnit4ClassRunner.runChild(BlockJUnit4ClassRunner.java:103)
	at org.junit.runners.BlockJUnit4ClassRunner.runChild(BlockJUnit4ClassRunner.java:63)
	at org.junit.runners.ParentRunner$4.run(ParentRunner.java:331)
	at org.junit.runners.ParentRunner$1.schedule(ParentRunner.java:79)
	at org.junit.runners.ParentRunner.runChildren(ParentRunner.java:329)
	at org.junit.runners.ParentRunner.access$100(ParentRunner.java:66)
	at org.junit.runners.ParentRunner$2.evaluate(ParentRunner.java:293)
	at org.junit.runners.ParentRunner$3.evaluate(ParentRunner.java:306)
	at org.junit.runners.ParentRunner.run(ParentRunner.java:413)
	at org.apache.maven.surefire.junit4.JUnit4Provider.execute(JUnit4Provider.java:252)
	at org.apache.maven.surefire.junit4.JUnit4Provider.executeTestSet(JUnit4Provider.java:141)
	at org.apache.maven.surefire.junit4.JUnit4Provider.invoke(JUnit4Provider.java:112)
	at sun.reflect.NativeMethodAccessorImpl.invoke0(Native Method)
	at sun.reflect.NativeMethodAccessorImpl.invoke(NativeMethodAccessorImpl.java:62)
	at sun.reflect.DelegatingMethodAccessorImpl.invoke(DelegatingMethodAccessorImpl.java:43)
	at java.lang.reflect.Method.invoke(Method.java:498)
	at org.apache.maven.surefire.util.ReflectionUtils.invokeMethodWithArray(ReflectionUtils.java:189)
	at org.apache.maven.surefire.booter.ProviderFactory$ProviderProxy.invoke(ProviderFactory.java:165)
	at org.apache.maven.surefire.booter.ProviderFactory.invokeProvider(ProviderFactory.java:85)
	at org.apache.maven.surefire.booter.ForkedBooter.runSuitesInProcess(ForkedBooter.java:115)
	at org.apache.maven.surefire.booter.ForkedBooter.main(ForkedBooter.java:75)
Caused by: org.apache.hadoop.net.ConnectTimeoutException: 20000 millis timeout while waiting for channel to be ready for connect. ch : java.nio.channels.SocketChannel[connection-pending remote=192.168.88.221/192.168.88.221:8020]
	at org.apache.hadoop.net.NetUtils.connect(NetUtils.java:534)
	at org.apache.hadoop.net.NetUtils.connect(NetUtils.java:495)
	at org.apache.hadoop.ipc.Client$Connection.setupConnection(Client.java:615)
	at org.apache.hadoop.ipc.Client$Connection.setupIOstreams(Client.java:713)
	at org.apache.hadoop.ipc.Client$Connection.access$2900(Client.java:376)
	at org.apache.hadoop.ipc.Client.getConnection(Client.java:1529)
	at org.apache.hadoop.ipc.Client.call(Client.java:1452)
	... 52 more
</error>
    <system-err>20/08/25 22:20:02 INFO ipc.Client: Retrying connect to server: 192.168.88.221/192.168.88.221:8020. Already tried 0 time(s); maxRetries=45
20/08/25 22:20:22 INFO ipc.Client: Retrying connect to server: 192.168.88.221/192.168.88.221:8020. Already tried 1 time(s); maxRetries=45
20/08/25 22:20:42 INFO ipc.Client: Retrying connect to server: 192.168.88.221/192.168.88.221:8020. Already tried 2 time(s); maxRetries=45
20/08/25 22:21:02 INFO ipc.Client: Retrying connect to server: 192.168.88.221/192.168.88.221:8020. Already tried 3 time(s); maxRetries=45
20/08/25 22:21:22 INFO ipc.Client: Retrying connect to server: 192.168.88.221/192.168.88.221:8020. Already tried 4 time(s); maxRetries=45
20/08/25 22:21:42 INFO ipc.Client: Retrying connect to server: 192.168.88.221/192.168.88.221:8020. Already tried 5 time(s); maxRetries=45
20/08/25 22:22:02 INFO ipc.Client: Retrying connect to server: 192.168.88.221/192.168.88.221:8020. Already tried 6 time(s); maxRetries=45
20/08/25 22:22:22 INFO ipc.Client: Retrying connect to server: 192.168.88.221/192.168.88.221:8020. Already tried 7 time(s); maxRetries=45
20/08/25 22:22:42 INFO ipc.Client: Retrying connect to server: 192.168.88.221/192.168.88.221:8020. Already tried 8 time(s); maxRetries=45
20/08/25 22:23:02 INFO ipc.Client: Retrying connect to server: 192.168.88.221/192.168.88.221:8020. Already tried 9 time(s); maxRetries=45
20/08/25 22:23:22 INFO ipc.Client: Retrying connect to server: 192.168.88.221/192.168.88.221:8020. Already tried 10 time(s); maxRetries=45
20/08/25 22:23:42 INFO ipc.Client: Retrying connect to server: 192.168.88.221/192.168.88.221:8020. Already tried 11 time(s); maxRetries=45
20/08/25 22:24:02 INFO ipc.Client: Retrying connect to server: 192.168.88.221/192.168.88.221:8020. Already tried 12 time(s); maxRetries=45
20/08/25 22:24:22 INFO ipc.Client: Retrying connect to server: 192.168.88.221/192.168.88.221:8020. Already tried 13 time(s); maxRetries=45
20/08/25 22:24:42 INFO ipc.Client: Retrying connect to server: 192.168.88.221/192.168.88.221:8020. Already tried 14 time(s); maxRetries=45
20/08/25 22:25:02 INFO ipc.Client: Retrying connect to server: 192.168.88.221/192.168.88.221:8020. Already tried 15 time(s); maxRetries=45
20/08/25 22:25:22 INFO ipc.Client: Retrying connect to server: 192.168.88.221/192.168.88.221:8020. Already tried 16 time(s); maxRetries=45
20/08/25 22:25:42 INFO ipc.Client: Retrying connect to server: 192.168.88.221/192.168.88.221:8020. Already tried 17 time(s); maxRetries=45
20/08/25 22:26:02 INFO ipc.Client: Retrying connect to server: 192.168.88.221/192.168.88.221:8020. Already tried 18 time(s); maxRetries=45
20/08/25 22:26:22 INFO ipc.Client: Retrying connect to server: 192.168.88.221/192.168.88.221:8020. Already tried 19 time(s); maxRetries=45
20/08/25 22:26:42 INFO ipc.Client: Retrying connect to server: 192.168.88.221/192.168.88.221:8020. Already tried 20 time(s); maxRetries=45
20/08/25 22:27:02 INFO ipc.Client: Retrying connect to server: 192.168.88.221/192.168.88.221:8020. Already tried 21 time(s); maxRetries=45
20/08/25 22:27:22 INFO ipc.Client: Retrying connect to server: 192.168.88.221/192.168.88.221:8020. Already tried 22 time(s); maxRetries=45
20/08/25 22:27:42 INFO ipc.Client: Retrying connect to server: 192.168.88.221/192.168.88.221:8020. Already tried 23 time(s); maxRetries=45
20/08/25 22:28:02 INFO ipc.Client: Retrying connect to server: 192.168.88.221/192.168.88.221:8020. Already tried 24 time(s); maxRetries=45
20/08/25 22:28:22 INFO ipc.Client: Retrying connect to server: 192.168.88.221/192.168.88.221:8020. Already tried 25 time(s); maxRetries=45
20/08/25 22:28:42 INFO ipc.Client: Retrying connect to server: 192.168.88.221/192.168.88.221:8020. Already tried 26 time(s); maxRetries=45
20/08/25 22:29:02 INFO ipc.Client: Retrying connect to server: 192.168.88.221/192.168.88.221:8020. Already tried 27 time(s); maxRetries=45
20/08/25 22:29:22 INFO ipc.Client: Retrying connect to server: 192.168.88.221/192.168.88.221:8020. Already tried 28 time(s); maxRetries=45
20/08/25 22:29:42 INFO ipc.Client: Retrying connect to server: 192.168.88.221/192.168.88.221:8020. Already tried 29 time(s); maxRetries=45
20/08/25 22:30:02 INFO ipc.Client: Retrying connect to server: 192.168.88.221/192.168.88.221:8020. Already tried 30 time(s); maxRetries=45
20/08/25 22:30:22 INFO ipc.Client: Retrying connect to server: 192.168.88.221/192.168.88.221:8020. Already tried 31 time(s); maxRetries=45
20/08/25 22:30:42 INFO ipc.Client: Retrying connect to server: 192.168.88.221/192.168.88.221:8020. Already tried 32 time(s); maxRetries=45
20/08/25 22:31:02 INFO ipc.Client: Retrying connect to server: 192.168.88.221/192.168.88.221:8020. Already tried 33 time(s); maxRetries=45
20/08/25 22:31:22 INFO ipc.Client: Retrying connect to server: 192.168.88.221/192.168.88.221:8020. Already tried 34 time(s); maxRetries=45
20/08/25 22:31:42 INFO ipc.Client: Retrying connect to server: 192.168.88.221/192.168.88.221:8020. Already tried 35 time(s); maxRetries=45
20/08/25 22:32:02 INFO ipc.Client: Retrying connect to server: 192.168.88.221/192.168.88.221:8020. Already tried 36 time(s); maxRetries=45
20/08/25 22:32:22 INFO ipc.Client: Retrying connect to server: 192.168.88.221/192.168.88.221:8020. Already tried 37 time(s); maxRetries=45
20/08/25 22:32:42 INFO ipc.Client: Retrying connect to server: 192.168.88.221/192.168.88.221:8020. Already tried 38 time(s); maxRetries=45
20/08/25 22:33:02 INFO ipc.Client: Retrying connect to server: 192.168.88.221/192.168.88.221:8020. Already tried 39 time(s); maxRetries=45
20/08/25 22:33:22 INFO ipc.Client: Retrying connect to server: 192.168.88.221/192.168.88.221:8020. Already tried 40 time(s); maxRetries=45
20/08/25 22:33:42 INFO ipc.Client: Retrying connect to server: 192.168.88.221/192.168.88.221:8020. Already tried 41 time(s); maxRetries=45
20/08/25 22:34:02 INFO ipc.Client: Retrying connect to server: 192.168.88.221/192.168.88.221:8020. Already tried 42 time(s); maxRetries=45
20/08/25 22:34:22 INFO ipc.Client: Retrying connect to server: 192.168.88.221/192.168.88.221:8020. Already tried 43 time(s); maxRetries=45
20/08/25 22:34:42 INFO ipc.Client: Retrying connect to server: 192.168.88.221/192.168.88.221:8020. Already tried 44 time(s); maxRetries=45
</system-err>
  </testcase>
  <testcase classname="HDFSJavaClientTest" name="reportHDFSCluster" time="920.058">
    <error message="Call From roohom-PC/192.168.137.1 to 192.168.88.221:8020 failed on socket timeout exception: org.apache.hadoop.net.ConnectTimeoutException: 20000 millis timeout while waiting for channel to be ready for connect. ch : java.nio.channels.SocketChannel[connection-pending remote=192.168.88.221/192.168.88.221:8020]; For more details see:  http://wiki.apache.org/hadoop/SocketTimeout" type="org.apache.hadoop.net.ConnectTimeoutException">org.apache.hadoop.net.ConnectTimeoutException: Call From roohom-PC/192.168.137.1 to 192.168.88.221:8020 failed on socket timeout exception: org.apache.hadoop.net.ConnectTimeoutException: 20000 millis timeout while waiting for channel to be ready for connect. ch : java.nio.channels.SocketChannel[connection-pending remote=192.168.88.221/192.168.88.221:8020]; For more details see:  http://wiki.apache.org/hadoop/SocketTimeout
	at sun.reflect.NativeConstructorAccessorImpl.newInstance0(Native Method)
	at sun.reflect.NativeConstructorAccessorImpl.newInstance(NativeConstructorAccessorImpl.java:62)
	at sun.reflect.DelegatingConstructorAccessorImpl.newInstance(DelegatingConstructorAccessorImpl.java:45)
	at java.lang.reflect.Constructor.newInstance(Constructor.java:423)
	at org.apache.hadoop.net.NetUtils.wrapWithMessage(NetUtils.java:792)
	at org.apache.hadoop.net.NetUtils.wrapException(NetUtils.java:751)
	at org.apache.hadoop.ipc.Client.call(Client.java:1480)
	at org.apache.hadoop.ipc.Client.call(Client.java:1413)
	at org.apache.hadoop.ipc.ProtobufRpcEngine$Invoker.invoke(ProtobufRpcEngine.java:229)
	at com.sun.proxy.$Proxy13.getDatanodeReport(Unknown Source)
	at org.apache.hadoop.hdfs.protocolPB.ClientNamenodeProtocolTranslatorPB.getDatanodeReport(ClientNamenodeProtocolTranslatorPB.java:632)
	at sun.reflect.NativeMethodAccessorImpl.invoke0(Native Method)
	at sun.reflect.NativeMethodAccessorImpl.invoke(NativeMethodAccessorImpl.java:62)
	at sun.reflect.DelegatingMethodAccessorImpl.invoke(DelegatingMethodAccessorImpl.java:43)
	at java.lang.reflect.Method.invoke(Method.java:498)
	at org.apache.hadoop.io.retry.RetryInvocationHandler.invokeMethod(RetryInvocationHandler.java:191)
	at org.apache.hadoop.io.retry.RetryInvocationHandler.invoke(RetryInvocationHandler.java:102)
	at com.sun.proxy.$Proxy14.getDatanodeReport(Unknown Source)
	at org.apache.hadoop.hdfs.DFSClient.datanodeReport(DFSClient.java:2568)
	at org.apache.hadoop.hdfs.DistributedFileSystem.getDataNodeStats(DistributedFileSystem.java:1196)
	at org.apache.hadoop.hdfs.DistributedFileSystem.getDataNodeStats(DistributedFileSystem.java:1190)
	at HDFSJavaClientTest.reportHDFSCluster(HDFSJavaClientTest.java:58)
	at sun.reflect.NativeMethodAccessorImpl.invoke0(Native Method)
	at sun.reflect.NativeMethodAccessorImpl.invoke(NativeMethodAccessorImpl.java:62)
	at sun.reflect.DelegatingMethodAccessorImpl.invoke(DelegatingMethodAccessorImpl.java:43)
	at java.lang.reflect.Method.invoke(Method.java:498)
	at org.junit.runners.model.FrameworkMethod$1.runReflectiveCall(FrameworkMethod.java:59)
	at org.junit.internal.runners.model.ReflectiveCallable.run(ReflectiveCallable.java:12)
	at org.junit.runners.model.FrameworkMethod.invokeExplosively(FrameworkMethod.java:56)
	at org.junit.internal.runners.statements.InvokeMethod.evaluate(InvokeMethod.java:17)
	at org.junit.runners.ParentRunner$3.evaluate(ParentRunner.java:306)
	at org.junit.runners.BlockJUnit4ClassRunner$1.evaluate(BlockJUnit4ClassRunner.java:100)
	at org.junit.runners.ParentRunner.runLeaf(ParentRunner.java:366)
	at org.junit.runners.BlockJUnit4ClassRunner.runChild(BlockJUnit4ClassRunner.java:103)
	at org.junit.runners.BlockJUnit4ClassRunner.runChild(BlockJUnit4ClassRunner.java:63)
	at org.junit.runners.ParentRunner$4.run(ParentRunner.java:331)
	at org.junit.runners.ParentRunner$1.schedule(ParentRunner.java:79)
	at org.junit.runners.ParentRunner.runChildren(ParentRunner.java:329)
	at org.junit.runners.ParentRunner.access$100(ParentRunner.java:66)
	at org.junit.runners.ParentRunner$2.evaluate(ParentRunner.java:293)
	at org.junit.runners.ParentRunner$3.evaluate(ParentRunner.java:306)
	at org.junit.runners.ParentRunner.run(ParentRunner.java:413)
	at org.apache.maven.surefire.junit4.JUnit4Provider.execute(JUnit4Provider.java:252)
	at org.apache.maven.surefire.junit4.JUnit4Provider.executeTestSet(JUnit4Provider.java:141)
	at org.apache.maven.surefire.junit4.JUnit4Provider.invoke(JUnit4Provider.java:112)
	at sun.reflect.NativeMethodAccessorImpl.invoke0(Native Method)
	at sun.reflect.NativeMethodAccessorImpl.invoke(NativeMethodAccessorImpl.java:62)
	at sun.reflect.DelegatingMethodAccessorImpl.invoke(DelegatingMethodAccessorImpl.java:43)
	at java.lang.reflect.Method.invoke(Method.java:498)
	at org.apache.maven.surefire.util.ReflectionUtils.invokeMethodWithArray(ReflectionUtils.java:189)
	at org.apache.maven.surefire.booter.ProviderFactory$ProviderProxy.invoke(ProviderFactory.java:165)
	at org.apache.maven.surefire.booter.ProviderFactory.invokeProvider(ProviderFactory.java:85)
	at org.apache.maven.surefire.booter.ForkedBooter.runSuitesInProcess(ForkedBooter.java:115)
	at org.apache.maven.surefire.booter.ForkedBooter.main(ForkedBooter.java:75)
Caused by: org.apache.hadoop.net.ConnectTimeoutException: 20000 millis timeout while waiting for channel to be ready for connect. ch : java.nio.channels.SocketChannel[connection-pending remote=192.168.88.221/192.168.88.221:8020]
	at org.apache.hadoop.net.NetUtils.connect(NetUtils.java:534)
	at org.apache.hadoop.net.NetUtils.connect(NetUtils.java:495)
	at org.apache.hadoop.ipc.Client$Connection.setupConnection(Client.java:615)
	at org.apache.hadoop.ipc.Client$Connection.setupIOstreams(Client.java:713)
	at org.apache.hadoop.ipc.Client$Connection.access$2900(Client.java:376)
	at org.apache.hadoop.ipc.Client.getConnection(Client.java:1529)
	at org.apache.hadoop.ipc.Client.call(Client.java:1452)
	... 47 more
</error>
    <system-err>20/08/25 22:35:22 INFO ipc.Client: Retrying connect to server: 192.168.88.221/192.168.88.221:8020. Already tried 0 time(s); maxRetries=45
20/08/25 22:35:42 INFO ipc.Client: Retrying connect to server: 192.168.88.221/192.168.88.221:8020. Already tried 1 time(s); maxRetries=45
20/08/25 22:36:02 INFO ipc.Client: Retrying connect to server: 192.168.88.221/192.168.88.221:8020. Already tried 2 time(s); maxRetries=45
20/08/25 22:36:22 INFO ipc.Client: Retrying connect to server: 192.168.88.221/192.168.88.221:8020. Already tried 3 time(s); maxRetries=45
20/08/25 22:36:42 INFO ipc.Client: Retrying connect to server: 192.168.88.221/192.168.88.221:8020. Already tried 4 time(s); maxRetries=45
20/08/25 22:37:02 INFO ipc.Client: Retrying connect to server: 192.168.88.221/192.168.88.221:8020. Already tried 5 time(s); maxRetries=45
20/08/25 22:37:22 INFO ipc.Client: Retrying connect to server: 192.168.88.221/192.168.88.221:8020. Already tried 6 time(s); maxRetries=45
20/08/25 22:37:42 INFO ipc.Client: Retrying connect to server: 192.168.88.221/192.168.88.221:8020. Already tried 7 time(s); maxRetries=45
20/08/25 22:38:02 INFO ipc.Client: Retrying connect to server: 192.168.88.221/192.168.88.221:8020. Already tried 8 time(s); maxRetries=45
20/08/25 22:38:22 INFO ipc.Client: Retrying connect to server: 192.168.88.221/192.168.88.221:8020. Already tried 9 time(s); maxRetries=45
20/08/25 22:38:42 INFO ipc.Client: Retrying connect to server: 192.168.88.221/192.168.88.221:8020. Already tried 10 time(s); maxRetries=45
20/08/25 22:39:02 INFO ipc.Client: Retrying connect to server: 192.168.88.221/192.168.88.221:8020. Already tried 11 time(s); maxRetries=45
20/08/25 22:39:22 INFO ipc.Client: Retrying connect to server: 192.168.88.221/192.168.88.221:8020. Already tried 12 time(s); maxRetries=45
20/08/25 22:39:42 INFO ipc.Client: Retrying connect to server: 192.168.88.221/192.168.88.221:8020. Already tried 13 time(s); maxRetries=45
20/08/25 22:40:02 INFO ipc.Client: Retrying connect to server: 192.168.88.221/192.168.88.221:8020. Already tried 14 time(s); maxRetries=45
20/08/25 22:40:22 INFO ipc.Client: Retrying connect to server: 192.168.88.221/192.168.88.221:8020. Already tried 15 time(s); maxRetries=45
20/08/25 22:40:42 INFO ipc.Client: Retrying connect to server: 192.168.88.221/192.168.88.221:8020. Already tried 16 time(s); maxRetries=45
20/08/25 22:41:02 INFO ipc.Client: Retrying connect to server: 192.168.88.221/192.168.88.221:8020. Already tried 17 time(s); maxRetries=45
20/08/25 22:41:22 INFO ipc.Client: Retrying connect to server: 192.168.88.221/192.168.88.221:8020. Already tried 18 time(s); maxRetries=45
20/08/25 22:41:42 INFO ipc.Client: Retrying connect to server: 192.168.88.221/192.168.88.221:8020. Already tried 19 time(s); maxRetries=45
20/08/25 22:42:02 INFO ipc.Client: Retrying connect to server: 192.168.88.221/192.168.88.221:8020. Already tried 20 time(s); maxRetries=45
20/08/25 22:42:22 INFO ipc.Client: Retrying connect to server: 192.168.88.221/192.168.88.221:8020. Already tried 21 time(s); maxRetries=45
20/08/25 22:42:42 INFO ipc.Client: Retrying connect to server: 192.168.88.221/192.168.88.221:8020. Already tried 22 time(s); maxRetries=45
20/08/25 22:43:02 INFO ipc.Client: Retrying connect to server: 192.168.88.221/192.168.88.221:8020. Already tried 23 time(s); maxRetries=45
20/08/25 22:43:22 INFO ipc.Client: Retrying connect to server: 192.168.88.221/192.168.88.221:8020. Already tried 24 time(s); maxRetries=45
20/08/25 22:43:42 INFO ipc.Client: Retrying connect to server: 192.168.88.221/192.168.88.221:8020. Already tried 25 time(s); maxRetries=45
20/08/25 22:44:02 INFO ipc.Client: Retrying connect to server: 192.168.88.221/192.168.88.221:8020. Already tried 26 time(s); maxRetries=45
20/08/25 22:44:22 INFO ipc.Client: Retrying connect to server: 192.168.88.221/192.168.88.221:8020. Already tried 27 time(s); maxRetries=45
20/08/25 22:44:42 INFO ipc.Client: Retrying connect to server: 192.168.88.221/192.168.88.221:8020. Already tried 28 time(s); maxRetries=45
20/08/25 22:45:02 INFO ipc.Client: Retrying connect to server: 192.168.88.221/192.168.88.221:8020. Already tried 29 time(s); maxRetries=45
20/08/25 22:45:22 INFO ipc.Client: Retrying connect to server: 192.168.88.221/192.168.88.221:8020. Already tried 30 time(s); maxRetries=45
20/08/25 22:45:42 INFO ipc.Client: Retrying connect to server: 192.168.88.221/192.168.88.221:8020. Already tried 31 time(s); maxRetries=45
20/08/25 22:46:02 INFO ipc.Client: Retrying connect to server: 192.168.88.221/192.168.88.221:8020. Already tried 32 time(s); maxRetries=45
20/08/25 22:46:22 INFO ipc.Client: Retrying connect to server: 192.168.88.221/192.168.88.221:8020. Already tried 33 time(s); maxRetries=45
20/08/25 22:46:42 INFO ipc.Client: Retrying connect to server: 192.168.88.221/192.168.88.221:8020. Already tried 34 time(s); maxRetries=45
20/08/25 22:47:02 INFO ipc.Client: Retrying connect to server: 192.168.88.221/192.168.88.221:8020. Already tried 35 time(s); maxRetries=45
20/08/25 22:47:22 INFO ipc.Client: Retrying connect to server: 192.168.88.221/192.168.88.221:8020. Already tried 36 time(s); maxRetries=45
20/08/25 22:47:42 INFO ipc.Client: Retrying connect to server: 192.168.88.221/192.168.88.221:8020. Already tried 37 time(s); maxRetries=45
20/08/25 22:48:02 INFO ipc.Client: Retrying connect to server: 192.168.88.221/192.168.88.221:8020. Already tried 38 time(s); maxRetries=45
20/08/25 22:48:22 INFO ipc.Client: Retrying connect to server: 192.168.88.221/192.168.88.221:8020. Already tried 39 time(s); maxRetries=45
20/08/25 22:48:42 INFO ipc.Client: Retrying connect to server: 192.168.88.221/192.168.88.221:8020. Already tried 40 time(s); maxRetries=45
20/08/25 22:49:02 INFO ipc.Client: Retrying connect to server: 192.168.88.221/192.168.88.221:8020. Already tried 41 time(s); maxRetries=45
20/08/25 22:49:22 INFO ipc.Client: Retrying connect to server: 192.168.88.221/192.168.88.221:8020. Already tried 42 time(s); maxRetries=45
20/08/25 22:49:42 INFO ipc.Client: Retrying connect to server: 192.168.88.221/192.168.88.221:8020. Already tried 43 time(s); maxRetries=45
20/08/25 22:50:02 INFO ipc.Client: Retrying connect to server: 192.168.88.221/192.168.88.221:8020. Already tried 44 time(s); maxRetries=45
</system-err>
  </testcase>
</testsuite>